This file contains any messages produced by compilers while
running configure, to aid debugging if configure makes a mistake.

It was created by test_demo configure 1.0.0, which was
generated by GNU Autoconf 2.69.  Invocation command line was

  $ ./configure 

## --------- ##
## Platform. ##
## --------- ##

hostname = raspberrypi
uname -m = armv7l
uname -r = 5.4.51-v7+
uname -s = Linux
uname -v = #1333 SMP Mon Aug 10 16:45:19 BST 2020

/usr/bin/uname -p = unknown
/bin/uname -X     = unknown

/bin/arch              = unknown
/usr/bin/arch -k       = unknown
/usr/convex/getsysinfo = unknown
/usr/bin/hostinfo      = unknown
/bin/machine           = unknown
/usr/bin/oslevel       = unknown
/bin/universe          = unknown

PATH: /usr/local/sbin
PATH: /usr/local/bin
PATH: /usr/sbin
PATH: /usr/bin
PATH: /sbin
PATH: /bin
PATH: /usr/local/games
PATH: /usr/games


## ----------- ##
## Core tests. ##
## ----------- ##

configure:2077: checking for a BSD-compatible install
configure:2145: result: /usr/bin/install -c
configure:2156: checking whether build environment is sane
configure:2211: result: yes
configure:2360: checking for a thread-safe mkdir -p
configure:2399: result: /bin/mkdir -p
configure:2406: checking for gawk
configure:2436: result: no
configure:2406: checking for mawk
configure:2422: found /usr/bin/mawk
configure:2433: result: mawk
configure:2444: checking whether make sets $(MAKE)
configure:2466: result: yes
configure:2495: checking whether make supports nested variables
configure:2512: result: yes
configure:2693: checking for gcc
configure:2709: found /usr/bin/gcc
configure:2720: result: gcc
configure:2949: checking for C compiler version
configure:2958: gcc --version >&5
gcc (Raspbian 8.3.0-6+rpi1) 8.3.0
Copyright (C) 2018 Free Software Foundation, Inc.
This is free software; see the source for copying conditions.  There is NO
warranty; not even for MERCHANTABILITY or FITNESS FOR A PARTICULAR PURPOSE.

configure:2969: $? = 0
configure:2958: gcc -v >&5
Using built-in specs.
COLLECT_GCC=gcc
COLLECT_LTO_WRAPPER=/usr/lib/gcc/arm-linux-gnueabihf/8/lto-wrapper
Target: arm-linux-gnueabihf
Configured with: ../src/configure -v --with-pkgversion='Raspbian 8.3.0-6+rpi1' --with-bugurl=file:///usr/share/doc/gcc-8/README.Bugs --enable-languages=c,ada,c++,go,d,fortran,objc,obj-c++ --prefix=/usr --with-gcc-major-version-only --program-suffix=-8 --program-prefix=arm-linux-gnueabihf- --enable-shared --enable-linker-build-id --libexecdir=/usr/lib --without-included-gettext --enable-threads=posix --libdir=/usr/lib --enable-nls --enable-bootstrap --enable-clocale=gnu --enable-libstdcxx-debug --enable-libstdcxx-time=yes --with-default-libstdcxx-abi=new --enable-gnu-unique-object --disable-libitm --disable-libquadmath --disable-libquadmath-support --enable-plugin --with-system-zlib --with-target-system-zlib --enable-objc-gc=auto --enable-multiarch --disable-sjlj-exceptions --with-arch=armv6 --with-fpu=vfp --with-float=hard --disable-werror --enable-checking=release --build=arm-linux-gnueabihf --host=arm-linux-gnueabihf --target=arm-linux-gnueabihf
Thread model: posix
gcc version 8.3.0 (Raspbian 8.3.0-6+rpi1) 
configure:2969: $? = 0
configure:2958: gcc -V >&5
gcc: error: unrecognized command line option '-V'
gcc: fatal error: no input files
compilation terminated.
configure:2969: $? = 1
configure:2958: gcc -qversion >&5
gcc: error: unrecognized command line option '-qversion'; did you mean '--version'?
gcc: fatal error: no input files
compilation terminated.
configure:2969: $? = 1
configure:2989: checking whether the C compiler works
configure:3011: gcc    conftest.c  >&5
configure:3015: $? = 0
configure:3063: result: yes
configure:3066: checking for C compiler default output file name
configure:3068: result: a.out
configure:3074: checking for suffix of executables
configure:3081: gcc -o conftest    conftest.c  >&5
configure:3085: $? = 0
configure:3107: result: 
configure:3129: checking whether we are cross compiling
configure:3137: gcc -o conftest    conftest.c  >&5
configure:3141: $? = 0
configure:3148: ./conftest
configure:3152: $? = 0
configure:3140: result: no
configure:3145: checking for suffix of object files
configure:3167: gcc -c   conftest.c >&5
configure:3171: $? = 0
configure:3192: result: o
configure:3196: checking whether we are using the GNU C compiler
configure:3215: gcc -c   conftest.c >&5
configure:3215: $? = 0
configure:3224: result: yes
configure:3233: checking whether gcc accepts -g
configure:3253: gcc -c -g  conftest.c >&5
configure:3253: $? = 0
configure:3294: result: yes
configure:3311: checking for gcc option to accept ISO C89
configure:3374: gcc  -c -g -O2  conftest.c >&5
configure:3374: $? = 0
configure:3387: result: none needed
configure:3412: checking whether gcc understands -c and -o together
configure:3434: gcc -c conftest.c -o conftest2.o
configure:3437: $? = 0
configure:3434: gcc -c conftest.c -o conftest2.o
configure:3437: $? = 0
configure:3449: result: yes
configure:3469: checking whether make supports the include directive
configure:3484: make -f confmf.GNU && cat confinc.out
this is the am__doit target
configure:3487: $? = 0
configure:3506: result: yes (GNU style)
configure:3531: checking dependency style of gcc
configure:3642: result: gcc3
configure:3700: checking for ranlib
configure:3716: found /usr/bin/ranlib
configure:3727: result: ranlib
configure:3759: checking how to run the C preprocessor
configure:3790: gcc -E  conftest.c
configure:3790: $? = 0
configure:3804: gcc -E  conftest.c
conftest.c:11:10: fatal error: ac_nonexistent.h: No such file or directory
 #include <ac_nonexistent.h>
          ^~~~~~~~~~~~~~~~~~
compilation terminated.
configure:3804: $? = 1
configure: failed program was:
| /* confdefs.h */
| #define PACKAGE_NAME "test_demo"
| #define PACKAGE_TARNAME "test_demo"
| #define PACKAGE_VERSION "1.0.0"
| #define PACKAGE_STRING "test_demo 1.0.0"
| #define PACKAGE_BUGREPORT ""
| #define PACKAGE_URL ""
| #define PACKAGE "test_demo"
| #define VERSION "1.0.0"
| /* end confdefs.h.  */
| #include <ac_nonexistent.h>
configure:3829: result: gcc -E
configure:3849: gcc -E  conftest.c
configure:3849: $? = 0
configure:3863: gcc -E  conftest.c
conftest.c:11:10: fatal error: ac_nonexistent.h: No such file or directory
 #include <ac_nonexistent.h>
          ^~~~~~~~~~~~~~~~~~
compilation terminated.
configure:3863: $? = 1
configure: failed program was:
| /* confdefs.h */
| #define PACKAGE_NAME "test_demo"
| #define PACKAGE_TARNAME "test_demo"
| #define PACKAGE_VERSION "1.0.0"
| #define PACKAGE_STRING "test_demo 1.0.0"
| #define PACKAGE_BUGREPORT ""
| #define PACKAGE_URL ""
| #define PACKAGE "test_demo"
| #define VERSION "1.0.0"
| /* end confdefs.h.  */
| #include <ac_nonexistent.h>
configure:3892: checking for grep that handles long lines and -e
configure:3950: result: /bin/grep
configure:3955: checking for egrep
configure:4017: result: /bin/grep -E
configure:4022: checking for ANSI C header files
configure:4042: gcc -c -g -O2  conftest.c >&5
configure:4042: $? = 0
configure:4115: gcc -o conftest -g -O2   conftest.c  >&5
configure:4115: $? = 0
configure:4115: ./conftest
configure:4115: $? = 0
configure:4126: result: yes
configure:4139: checking for sys/types.h
configure:4139: gcc -c -g -O2  conftest.c >&5
configure:4139: $? = 0
configure:4139: result: yes
configure:4139: checking for sys/stat.h
configure:4139: gcc -c -g -O2  conftest.c >&5
configure:4139: $? = 0
configure:4139: result: yes
configure:4139: checking for stdlib.h
configure:4139: gcc -c -g -O2  conftest.c >&5
configure:4139: $? = 0
configure:4139: result: yes
configure:4139: checking for string.h
configure:4139: gcc -c -g -O2  conftest.c >&5
configure:4139: $? = 0
configure:4139: result: yes
configure:4139: checking for memory.h
configure:4139: gcc -c -g -O2  conftest.c >&5
configure:4139: $? = 0
configure:4139: result: yes
configure:4139: checking for strings.h
configure:4139: gcc -c -g -O2  conftest.c >&5
configure:4139: $? = 0
configure:4139: result: yes
configure:4139: checking for inttypes.h
configure:4139: gcc -c -g -O2  conftest.c >&5
configure:4139: $? = 0
configure:4139: result: yes
configure:4139: checking for stdint.h
configure:4139: gcc -c -g -O2  conftest.c >&5
configure:4139: $? = 0
configure:4139: result: yes
configure:4139: checking for unistd.h
configure:4139: gcc -c -g -O2  conftest.c >&5
configure:4139: $? = 0
configure:4139: result: yes
configure:4153: checking for stdint.h
configure:4153: result: yes
configure:4271: checking that generated files are newer than configure
configure:4277: result: done
configure:4300: creating ./config.status

## ---------------------- ##
## Running config.status. ##
## ---------------------- ##

This file was extended by test_demo config.status 1.0.0, which was
generated by GNU Autoconf 2.69.  Invocation command line was

  CONFIG_FILES    = 
  CONFIG_HEADERS  = 
  CONFIG_LINKS    = 
  CONFIG_COMMANDS = 
  $ ./config.status 

on raspberrypi

config.status:852: creating Makefile
config.status:852: creating usr_math/Makefile
config.status:852: creating config.h
config.status:1033: config.h is unchanged
config.status:1081: executing depfiles commands
config.status:1158: cd .       && sed -e '/# am--include-marker/d' Makefile         | make -f - am--depfiles
make: Nothing to be done for 'am--depfiles'.
config.status:1163: $? = 0
config.status:1158: cd usr_math       && sed -e '/# am--include-marker/d' Makefile         | make -f - am--depfiles
make: Nothing to be done for 'am--depfiles'.
config.status:1163: $? = 0

## ---------------- ##
## Cache variables. ##
## ---------------- ##

ac_cv_c_compiler_gnu=yes
ac_cv_env_CC_set=
ac_cv_env_CC_value=
ac_cv_env_CFLAGS_set=
ac_cv_env_CFLAGS_value=
ac_cv_env_CPPFLAGS_set=
ac_cv_env_CPPFLAGS_value=
ac_cv_env_CPP_set=
ac_cv_env_CPP_value=
ac_cv_env_LDFLAGS_set=
ac_cv_env_LDFLAGS_value=
ac_cv_env_LIBS_set=
ac_cv_env_LIBS_value=
ac_cv_env_build_alias_set=
ac_cv_env_build_alias_value=
ac_cv_env_host_alias_set=
ac_cv_env_host_alias_value=
ac_cv_env_target_alias_set=
ac_cv_env_target_alias_value=
ac_cv_header_inttypes_h=yes
ac_cv_header_memory_h=yes
ac_cv_header_stdc=yes
ac_cv_header_stdint_h=yes
ac_cv_header_stdlib_h=yes
ac_cv_header_string_h=yes
ac_cv_header_strings_h=yes
ac_cv_header_sys_stat_h=yes
ac_cv_header_sys_types_h=yes
ac_cv_header_unistd_h=yes
ac_cv_objext=o
ac_cv_path_EGREP='/bin/grep -E'
ac_cv_path_GREP=/bin/grep
ac_cv_path_install='/usr/bin/install -c'
ac_cv_path_mkdir=/bin/mkdir
ac_cv_prog_AWK=mawk
ac_cv_prog_CPP='gcc -E'
ac_cv_prog_ac_ct_CC=gcc
ac_cv_prog_ac_ct_RANLIB=ranlib
ac_cv_prog_cc_c89=
ac_cv_prog_cc_g=yes
ac_cv_prog_make_make_set=yes
am_cv_CC_dependencies_compiler_type=gcc3
am_cv_make_support_nested_variables=yes
am_cv_prog_cc_c_o=yes

## ----------------- ##
## Output variables. ##
## ----------------- ##

ACLOCAL='${SHELL} /home/pi/GitHub/Raspberry/missing aclocal-1.16'
AMDEPBACKSLASH='\'
AMDEP_FALSE='#'
AMDEP_TRUE=''
AMTAR='$${TAR-tar}'
AM_BACKSLASH='\'
AM_DEFAULT_V='$(AM_DEFAULT_VERBOSITY)'
AM_DEFAULT_VERBOSITY='1'
AM_V='$(V)'
AUTOCONF='${SHELL} /home/pi/GitHub/Raspberry/missing autoconf'
AUTOHEADER='${SHELL} /home/pi/GitHub/Raspberry/missing autoheader'
AUTOMAKE='${SHELL} /home/pi/GitHub/Raspberry/missing automake-1.16'
AWK='mawk'
CC='gcc'
CCDEPMODE='depmode=gcc3'
CFLAGS='-g -O2'
CPP='gcc -E'
CPPFLAGS=''
CYGPATH_W='echo'
DEFS='-DHAVE_CONFIG_H'
DEPDIR='.deps'
ECHO_C=''
ECHO_N='-n'
ECHO_T=''
EGREP='/bin/grep -E'
EXEEXT=''
GREP='/bin/grep'
INSTALL_DATA='${INSTALL} -m 644'
INSTALL_PROGRAM='${INSTALL}'
INSTALL_SCRIPT='${INSTALL}'
INSTALL_STRIP_PROGRAM='$(install_sh) -c -s'
LDFLAGS=''
LIBOBJS=''
LIBS=''
LTLIBOBJS=''
MAKEINFO='${SHELL} /home/pi/GitHub/Raspberry/missing makeinfo'
MKDIR_P='/bin/mkdir -p'
OBJEXT='o'
PACKAGE='test_demo'
PACKAGE_BUGREPORT=''
PACKAGE_NAME='test_demo'
PACKAGE_STRING='test_demo 1.0.0'
PACKAGE_TARNAME='test_demo'
PACKAGE_URL=''
PACKAGE_VERSION='1.0.0'
PATH_SEPARATOR=':'
RANLIB='ranlib'
SET_MAKE=''
SHELL='/bin/bash'
STRIP=''
VERSION='1.0.0'
ac_ct_CC='gcc'
am__EXEEXT_FALSE=''
am__EXEEXT_TRUE='#'
am__fastdepCC_FALSE='#'
am__fastdepCC_TRUE=''
am__include='include'
am__isrc=''
am__leading_dot='.'
am__nodep='_no'
am__quote=''
am__tar='$${TAR-tar} chof - "$$tardir"'
am__untar='$${TAR-tar} xf -'
bindir='${exec_prefix}/bin'
build_alias=''
datadir='${datarootdir}'
datarootdir='${prefix}/share'
docdir='${datarootdir}/doc/${PACKAGE_TARNAME}'
dvidir='${docdir}'
exec_prefix='${prefix}'
host_alias=''
htmldir='${docdir}'
includedir='${prefix}/include'
infodir='${datarootdir}/info'
install_sh='${SHELL} /home/pi/GitHub/Raspberry/install-sh'
libdir='${exec_prefix}/lib'
libexecdir='${exec_prefix}/libexec'
localedir='${datarootdir}/locale'
localstatedir='${prefix}/var'
mandir='${datarootdir}/man'
mkdir_p='$(MKDIR_P)'
oldincludedir='/usr/include'
pdfdir='${docdir}'
prefix='/usr/local'
program_transform_name='s,x,x,'
psdir='${docdir}'
runstatedir='${localstatedir}/run'
sbindir='${exec_prefix}/sbin'
sharedstatedir='${prefix}/com'
sysconfdir='${prefix}/etc'
target_alias=''

## ----------- ##
## confdefs.h. ##
## ----------- ##

/* confdefs.h */
#define PACKAGE_NAME "test_demo"
#define PACKAGE_TARNAME "test_demo"
#define PACKAGE_VERSION "1.0.0"
#define PACKAGE_STRING "test_demo 1.0.0"
#define PACKAGE_BUGREPORT ""
#define PACKAGE_URL ""
#define PACKAGE "test_demo"
#define VERSION "1.0.0"
#define STDC_HEADERS 1
#define HAVE_SYS_TYPES_H 1
#define HAVE_SYS_STAT_H 1
#define HAVE_STDLIB_H 1
#define HAVE_STRING_H 1
#define HAVE_MEMORY_H 1
#define HAVE_STRINGS_H 1
#define HAVE_INTTYPES_H 1
#define HAVE_STDINT_H 1
#define HAVE_UNISTD_H 1
#define HAVE_STDINT_H 1

configure: exit 0
